[GIN-debug] [WARNING] Creating an Engine instance with the Logger and Recovery middleware already attached.

[GIN-debug] [WARNING] Running in "debug" mode. Switch to "release" mode in production.
 - using env:	export GIN_MODE=release
 - using code:	gin.SetMode(gin.ReleaseMode)

[GIN-debug] GET    /ping                     --> main.main.func1 (5 handlers)
[GIN-debug] GET    /ce                       --> main.main.func2 (6 handlers)
[GIN-debug] GET    /                         --> main.main.func3 (5 handlers)
[GIN-debug] Loaded HTML Templates (2): 
	- 
	- index.html

[GIN-debug] GET    /index                    --> main.main.func4 (5 handlers)
[GIN-debug] GET    /index3                   --> main.main.func5 (5 handlers)
[GIN-debug] GET    /user/:name/*action       --> main.main.func6 (5 handlers)
[GIN-debug] GET    /user                     --> main.main.func7 (5 handlers)
[GIN-debug] POST   /form                     --> main.main.func8 (5 handlers)
[GIN-debug] POST   /upload                   --> main.main.func9 (5 handlers)
[GIN-debug] POST   /multiple-upload          --> main.main.func10 (5 handlers)
[GIN-debug] GET    /long_async               --> main.main.func11 (5 handlers)
[GIN-debug] GET    /long_sync                --> main.main.func12 (5 handlers)
[GIN-debug] POST   /loginJSON                --> main.loginJson (5 handlers)
[GIN-debug] GET    /someJSON                 --> main.main.func13 (5 handlers)
[GIN-debug] GET    /someStruct               --> main.main.func14 (5 handlers)
[GIN-debug] GET    /someXML                  --> main.main.func15 (5 handlers)
[GIN-debug] GET    /someYAML                 --> main.main.func16 (5 handlers)
[GIN-debug] GET    /someProtoBuf             --> main.main.func17 (5 handlers)
[GIN-debug] GET    /v1/login                 --> main.login (5 handlers)
[GIN-debug] GET    /v1/submit                --> main.submit (5 handlers)
[GIN-debug] POST   /v2/login                 --> main.login (5 handlers)
[GIN-debug] POST   /v2/submit                --> main.submit (5 handlers)
[GIN-debug] [WARNING] You trusted all proxies, this is NOT safe. We recommend you to set a value.
Please check https://pkg.go.dev/github.com/gin-gonic/gin#readme-don-t-trust-all-proxies for details.
[GIN-debug] Listening and serving HTTP on :8000
